# JRE version: OpenJDK Runtime Environment (8.0_242-b01) (build 1.8.0_242-release-1644-b01)
# Java VM: OpenJDK 64-Bit Server VM (25.242-b01 mixed mode windows-amd64 compressed oops)
Heap:
 PSYoungGen      total 321024K, used 138949K [0x00000000e0000000, 0x00000000f9100000, 0x0000000100000000)
  eden space 291840K, 38% used [0x00000000e0000000,0x00000000e6e03310,0x00000000f1d00000)
  from space 29184K, 90% used [0x00000000f1d00000,0x00000000f36ae108,0x00000000f3980000)
  to   space 32768K, 0% used [0x00000000f7100000,0x00000000f7100000,0x00000000f9100000)
 ParOldGen       total 111104K, used 72168K [0x00000000a0000000, 0x00000000a6c80000, 0x00000000e0000000)
  object space 111104K, 64% used [0x00000000a0000000,0x00000000a467a1b0,0x00000000a6c80000)
 Metaspace       used 79816K, capacity 83024K, committed 83160K, reserved 1122304K
  class space    used 10454K, capacity 11135K, committed 11224K, reserved 1048576K
GC Heap History (10 events):
Event: 8.803 GC heap before
{Heap before GC invocations=14 (full 2):
 PSYoungGen      total 196608K, used 104143K [0x00000000e0000000, 0x00000000f1680000, 0x0000000100000000)
  eden space 183808K, 49% used [0x00000000e0000000,0x00000000e59354f0,0x00000000eb380000)
  from space 12800K, 99% used [0x00000000eb380000,0x00000000ebffe760,0x00000000ec000000)
  to   space 17920K, 0% used [0x00000000f0500000,0x00000000f0500000,0x00000000f1680000)
 ParOldGen       total 69632K, used 25087K [0x00000000a0000000, 0x00000000a4400000, 0x00000000e0000000)
  object space 69632K, 36% used [0x00000000a0000000,0x00000000a187fe70,0x00000000a4400000)
 Metaspace       used 57077K, capacity 59028K, committed 59096K, reserved 1099776K
  class space    used 7891K, capacity 8341K, committed 8408K, reserved 1048576K
Event: 8.821 GC heap after
Heap after GC invocations=14 (full 2):
 PSYoungGen      total 256000K, used 9342K [0x00000000e0000000, 0x00000000f1080000, 0x0000000100000000)
  eden space 244224K, 0% used [0x00000000e0000000,0x00000000e0000000,0x00000000eee80000)
  from space 11776K, 79% used [0x00000000f0500000,0x00000000f0e1f890,0x00000000f1080000)
  to   space 17408K, 0% used [0x00000000eee80000,0x00000000eee80000,0x00000000eff80000)
 ParOldGen       total 69632K, used 36241K [0x00000000a0000000, 0x00000000a4400000, 0x00000000e0000000)
  object space 69632K, 52% used [0x00000000a0000000,0x00000000a2364708,0x00000000a4400000)
 Metaspace       used 57077K, capacity 59028K, committed 59096K, reserved 1099776K
  class space    used 7891K, capacity 8341K, committed 8408K, reserved 1048576K
}
Event: 8.821 GC heap before
{Heap before GC invocations=15 (full 3):
 PSYoungGen      total 256000K, used 9342K [0x00000000e0000000, 0x00000000f1080000, 0x0000000100000000)
  eden space 244224K, 0% used [0x00000000e0000000,0x00000000e0000000,0x00000000eee80000)
  from space 11776K, 79% used [0x00000000f0500000,0x00000000f0e1f890,0x00000000f1080000)
  to   space 17408K, 0% used [0x00000000eee80000,0x00000000eee80000,0x00000000eff80000)
 ParOldGen       total 69632K, used 36241K [0x00000000a0000000, 0x00000000a4400000, 0x00000000e0000000)
  object space 69632K, 52% used [0x00000000a0000000,0x00000000a2364708,0x00000000a4400000)
 Metaspace       used 57077K, capacity 59028K, committed 59096K, reserved 1099776K
  class space    used 7891K, capacity 8341K, committed 8408K, reserved 1048576K
Event: 9.123 GC heap after
Heap after GC invocations=15 (full 3):
 PSYoungGen      total 256000K, used 0K [0x00000000e0000000, 0x00000000f1080000, 0x0000000100000000)
  eden space 244224K, 0% used [0x00000000e0000000,0x00000000e0000000,0x00000000eee80000)
  from space 11776K, 0% used [0x00000000f0500000,0x00000000f0500000,0x00000000f1080000)
  to   space 17408K, 0% used [0x00000000eee80000,0x00000000eee80000,0x00000000eff80000)
 ParOldGen       total 111104K, used 34330K [0x00000000a0000000, 0x00000000a6c80000, 0x00000000e0000000)
  object space 111104K, 30% used [0x00000000a0000000,0x00000000a2186bd8,0x00000000a6c80000)
 Metaspace       used 57009K, capacity 58830K, committed 59096K, reserved 1099776K
  class space    used 7870K, capacity 8304K, committed 8408K, reserved 1048576K
}
Event: 11.691 GC heap before
{Heap before GC invocations=16 (full 3):
 PSYoungGen      total 256000K, used 244224K [0x00000000e0000000, 0x00000000f1080000, 0x0000000100000000)
  eden space 244224K, 100% used [0x00000000e0000000,0x00000000eee80000,0x00000000eee80000)
  from space 11776K, 0% used [0x00000000f0500000,0x00000000f0500000,0x00000000f1080000)
  to   space 17408K, 0% used [0x00000000eee80000,0x00000000eee80000,0x00000000eff80000)
 ParOldGen       total 111104K, used 34330K [0x00000000a0000000, 0x00000000a6c80000, 0x00000000e0000000)
  object space 111104K, 30% used [0x00000000a0000000,0x00000000a2186bd8,0x00000000a6c80000)
 Metaspace       used 63535K, capacity 66134K, committed 66392K, reserved 1105920K
  class space    used 8734K, capacity 9290K, committed 9304K, reserved 1048576K
Event: 11.702 GC heap after
Heap after GC invocations=16 (full 3):
 PSYoungGen      total 261632K, used 15723K [0x00000000e0000000, 0x00000000f4c80000, 0x0000000100000000)
  eden space 244224K, 0% used [0x00000000e0000000,0x00000000e0000000,0x00000000eee80000)
  from space 17408K, 90% used [0x00000000eee80000,0x00000000efddafd0,0x00000000eff80000)
  to   space 19456K, 0% used [0x00000000f3980000,0x00000000f3980000,0x00000000f4c80000)
 ParOldGen       total 111104K, used 34338K [0x00000000a0000000, 0x00000000a6c80000, 0x00000000e0000000)
  object space 111104K, 30% used [0x00000000a0000000,0x00000000a2188bd8,0x00000000a6c80000)
 Metaspace       used 63535K, capacity 66134K, committed 66392K, reserved 1105920K
  class space    used 8734K, capacity 9290K, committed 9304K, reserved 1048576K
}
Event: 99.973 GC heap before
{Heap before GC invocations=17 (full 3):
 PSYoungGen      total 261632K, used 259895K [0x00000000e0000000, 0x00000000f4c80000, 0x0000000100000000)
  eden space 244224K, 99% used [0x00000000e0000000,0x00000000eee72ec8,0x00000000eee80000)
  from space 17408K, 90% used [0x00000000eee80000,0x00000000efddafd0,0x00000000eff80000)
  to   space 19456K, 0% used [0x00000000f3980000,0x00000000f3980000,0x00000000f4c80000)
 ParOldGen       total 111104K, used 34338K [0x00000000a0000000, 0x00000000a6c80000, 0x00000000e0000000)
  object space 111104K, 30% used [0x00000000a0000000,0x00000000a2188bd8,0x00000000a6c80000)
 Metaspace       used 71908K, capacity 74920K, committed 75096K, reserved 1114112K
  class space    used 9632K, capacity 10281K, committed 10328K, reserved 1048576K
Event: 100.007 GC heap after
Heap after GC invocations=17 (full 3):
 PSYoungGen      total 311296K, used 19441K [0x00000000e0000000, 0x00000000f5600000, 0x0000000100000000)
  eden space 291840K, 0% used [0x00000000e0000000,0x00000000e0000000,0x00000000f1d00000)
  from space 19456K, 99% used [0x00000000f3980000,0x00000000f4c7c490,0x00000000f4c80000)
  to   space 29184K, 0% used [0x00000000f1d00000,0x00000000f1d00000,0x00000000f3980000)
 ParOldGen       total 111104K, used 53587K [0x00000000a0000000, 0x00000000a6c80000, 0x00000000e0000000)
  object space 111104K, 48% used [0x00000000a0000000,0x00000000a3454d20,0x00000000a6c80000)
 Metaspace       used 71908K, capacity 74920K, committed 75096K, reserved 1114112K
  class space    used 9632K, capacity 10281K, committed 10328K, reserved 1048576K
}
Event: 104.955 GC heap before
{Heap before GC invocations=18 (full 3):
 PSYoungGen      total 311296K, used 311281K [0x00000000e0000000, 0x00000000f5600000, 0x0000000100000000)
  eden space 291840K, 100% used [0x00000000e0000000,0x00000000f1d00000,0x00000000f1d00000)
  from space 19456K, 99% used [0x00000000f3980000,0x00000000f4c7c490,0x00000000f4c80000)
  to   space 29184K, 0% used [0x00000000f1d00000,0x00000000f1d00000,0x00000000f3980000)
 ParOldGen       total 111104K, used 53587K [0x00000000a0000000, 0x00000000a6c80000, 0x00000000e0000000)
  object space 111104K, 48% used [0x00000000a0000000,0x00000000a3454d20,0x00000000a6c80000)
 Metaspace       used 79195K, capacity 82276K, committed 82520K, reserved 1120256K
  class space    used 10414K, capacity 11037K, committed 11096K, reserved 1048576K
Event: 105.026 GC heap after
Heap after GC invocations=18 (full 3):
 PSYoungGen      total 321024K, used 26296K [0x00000000e0000000, 0x00000000f9100000, 0x0000000100000000)
  eden space 291840K, 0% used [0x00000000e0000000,0x00000000e0000000,0x00000000f1d00000)
  from space 29184K, 90% used [0x00000000f1d00000,0x00000000f36ae108,0x00000000f3980000)
  to   space 32768K, 0% used [0x00000000f7100000,0x00000000f7100000,0x00000000f9100000)
 ParOldGen       total 111104K, used 72168K [0x00000000a0000000, 0x00000000a6c80000, 0x00000000e0000000)
  object space 111104K, 64% used [0x00000000a0000000,0x00000000a467a1b0,0x00000000a6c80000)
 Metaspace       used 79195K, capacity 82276K, committed 82520K, reserved 1120256K
  class space    used 10414K, capacity 11037K, committed 11096K, reserved 1048576K
}

